[2026-06-07 17:43:29] [INFO] ========== AUTOMATION AUDIT START ==========
[2026-06-07 17:43:29] [INFO] Repository: C:\CIC_MEDIA_LIBRARY
[2026-06-07 17:43:29] [INFO] Scanning log files...
[2026-06-07 17:43:29] [INFO] Scanning for backup/archive opportunities...
[2026-06-07 17:43:29] [INFO] Scanning for data processing opportunities...
[2026-06-07 17:43:29] [OK]   ✓ Pipeline script with manual notes: interview-ingest.ps1
[2026-06-07 17:43:29] [INFO] Scanning for report generation opportunities...
[2026-06-07 17:43:30] [OK]   ✓ Active report found: bulk_ingest_report_2026-06-07-160008.json
[2026-06-07 17:43:30] [OK]   ✓ Active report found: bulk_ingest_report_2026-06-07-160100.json
[2026-06-07 17:43:30] [OK]   ✓ Active report found: bulk_ingest_report_2026-06-07-160203.json
[2026-06-07 17:43:30] [OK]   ✓ Active report found: master_media_inventory.csv
[2026-06-07 17:43:30] [INFO] Scanning for health/validation opportunities...
[2026-06-07 17:43:30] [OK]   ✓ Configuration validation recommended
[2026-06-07 17:43:30] [INFO] Scanning for database/CSV maintenance...
[2026-06-07 17:43:30] [INFO] Scanning for sync/mirror opportunities...
[2026-06-07 17:43:30] [INFO] Scanning for versioning opportunities...
[2026-06-07 17:43:30] [OK] ✓ Report saved: C:\CIC_MEDIA_LIBRARY\scheduling\reports\automation_opportunities_2026-06-07_174329.json
[2026-06-07 17:43:30] [INFO] 
[2026-06-07 17:43:30] [OK] ========== AUDIT SUMMARY ==========
[2026-06-07 17:43:30] [OK] Total opportunities identified: 8
[2026-06-07 17:43:30] [OK]   HIGH priority: 2
[2026-06-07 17:43:30] [OK]   MEDIUM priority: 6
[2026-06-07 17:43:30] [OK]   LOW priority: 0
[2026-06-07 17:43:30] [INFO] 
[2026-06-07 17:43:30] [INFO] By category:
[2026-06-07 17:43:30] [INFO]   report_generation: 4
[2026-06-07 17:43:30] [INFO]   pipeline_automation: 1
[2026-06-07 17:43:30] [INFO]   data_sync: 1
[2026-06-07 17:43:30] [INFO]   health_check: 1
[2026-06-07 17:43:30] [INFO]   versioning: 1
[2026-06-07 17:43:30] [OK] ========== AUDIT COMPLETE ==========
[2026-06-07 17:43:30] [INFO] Next: Review C:\CIC_MEDIA_LIBRARY\scheduling\reports\automation_opportunities_2026-06-07_174329.json and add tasks to task-registry.json
[2026-06-07 17:43:30] [INFO] 
[2026-06-07 17:43:30] [INFO] Task Registry Status:
[2026-06-07 17:43:30] [INFO]   Currently scheduled: 5 tasks
[2026-06-07 17:43:30] [INFO]   New opportunities identified: 8
[2026-06-07 17:43:30] [INFO]   Next step: Prioritize and add high-priority tasks to registry
